<?xml version="1.0" encoding="UTF-8"?>
<!-- Generated by org.testng.reporters.JUnitReportReporter -->
<testsuite hostname="DESKTOP-A45OV0R" failures="0" tests="1" name="tests.HTTPRequestsTests" time="4.236" errors="0" timestamp="2024-06-13T15:50:14 IST" skipped="0">
  <testcase classname="tests.HTTPRequestsTests" name="getRequest" time="4.236"/>
</testsuite> <!-- tests.HTTPRequestsTests -->
