<?xml version="1.0" encoding="UTF-8"?>
<!-- Generated by org.testng.reporters.JUnitReportReporter -->
<testsuite hostname="DESKTOP-A45OV0R" failures="0" tests="2" name="tests.TestsOnLocalAPI" time="13.420" errors="0" timestamp="2024-06-12T14:01:05 IST" skipped="0">
  <testcase classname="tests.TestsOnLocalAPI" name="getTest" time="0.198"/>
  <testcase classname="tests.TestsOnLocalAPI" name="deleteTest" time="13.222"/>
</testsuite> <!-- tests.TestsOnLocalAPI -->
