<?xml version="1.0" encoding="UTF-8"?>
<!-- Generated by org.testng.reporters.JUnitReportReporter -->
<testsuite hostname="DESKTOP-A45OV0R" failures="0" tests="1" name="tests.SampleTests.HTTPRequestsTests" time="12.860" errors="0" timestamp="2024-06-14T13:04:59 IST" skipped="0">
  <testcase classname="tests.SampleTests.HTTPRequestsTests" name="testHttpRequests" time="12.860"/>
</testsuite> <!-- tests.SampleTests.HTTPRequestsTests -->
