<?xml version="1.0" encoding="UTF-8"?>
<!-- Generated by org.testng.reporters.JUnitReportReporter -->
<testsuite hostname="DESKTOP-A45OV0R" failures="0" tests="2" name="tests.TestsOnLocalAPI" time="16.850" errors="0" timestamp="2024-06-12T12:45:33 IST" skipped="0">
  <testcase classname="tests.TestsOnLocalAPI" name="postTest" time="14.260"/>
  <testcase classname="tests.TestsOnLocalAPI" name="getTest" time="2.590"/>
</testsuite> <!-- tests.TestsOnLocalAPI -->
