<?xml version="1.0" encoding="UTF-8"?>
<!-- Generated by org.testng.reporters.JUnitReportReporter -->
<testsuite hostname="DESKTOP-A45OV0R" failures="0" tests="1" name="tests.SampleTests.HTTPRequestsTests" time="19.147" errors="0" timestamp="2024-06-14T18:21:52 IST" skipped="0">
  <testcase classname="tests.SampleTests.HTTPRequestsTests" name="testHttpRequests" time="19.147"/>
</testsuite> <!-- tests.SampleTests.HTTPRequestsTests -->
