<?xml version="1.0" encoding="UTF-8"?>
<!-- Generated by org.testng.reporters.JUnitReportReporter -->
<testsuite hostname="DESKTOP-A45OV0R" failures="0" tests="1" name="tests.TestsExamples" time="3.422" errors="0" timestamp="2024-06-10T16:04:43 IST" skipped="0">
  <testcase classname="tests.TestsExamples" name="test_1" time="3.422"/>
</testsuite> <!-- tests.TestsExamples -->
