<?xml version="1.0" encoding="UTF-8"?>
<!-- Generated by org.testng.reporters.JUnitReportReporter -->
<testsuite hostname="DESKTOP-A45OV0R" failures="0" tests="1" name="tests.JSONSchemaValidator" time="11.772" errors="0" timestamp="2024-06-12T15:22:35 IST" skipped="0">
  <testcase classname="tests.JSONSchemaValidator" name="testGet" time="11.772"/>
</testsuite> <!-- tests.JSONSchemaValidator -->
