<?xml version="1.0" encoding="UTF-8"?>
<!-- Generated by org.testng.reporters.JUnitReportReporter -->
<testsuite hostname="DESKTOP-A45OV0R" failures="0" tests="1" name="tests.SoapXMLRequest" time="5.215" errors="0" timestamp="2024-06-19T11:54:36 IST" skipped="0">
  <testcase classname="tests.SoapXMLRequest" name="validateSoapXML" time="5.215"/>
</testsuite> <!-- tests.SoapXMLRequest -->
