<?xml version="1.0" encoding="UTF-8"?>
<!-- Generated by org.testng.reporters.JUnitReportReporter -->
<testsuite hostname="DESKTOP-A45OV0R" failures="0" tests="1" name="tests.SampleTests.HTTPRequestsTests" time="148.447" errors="0" timestamp="2024-06-19T11:48:02 IST" skipped="0">
  <testcase classname="tests.SampleTests.HTTPRequestsTests" name="testHttpRequests" time="148.447"/>
</testsuite> <!-- tests.SampleTests.HTTPRequestsTests -->
