<?xml version="1.0" encoding="UTF-8"?>
<!-- Generated by org.testng.reporters.JUnitReportReporter -->
<testsuite hostname="DESKTOP-A45OV0R" failures="0" tests="4" name="tests.GetAndPostExamples" time="14.174" errors="0" timestamp="2024-06-21T12:33:33 IST" skipped="0">
  <testcase classname="tests.GetAndPostExamples" name="testParameters" time="5.562"/>
  <testcase classname="tests.GetAndPostExamples" name="testGetRequestUrlParameters" time="3.965"/>
  <testcase classname="tests.GetAndPostExamples" name="testInValidGet" time="3.902"/>
  <testcase classname="tests.GetAndPostExamples" name="testValidGet" time="0.745"/>
</testsuite> <!-- tests.GetAndPostExamples -->
