<?xml version="1.0" encoding="UTF-8"?>
<!-- Generated by org.testng.reporters.JUnitReportReporter -->
<testsuite hostname="DESKTOP-A45OV0R" failures="0" tests="1" name="tests.JSONSchemaValidator" time="5.433" errors="0" timestamp="2024-06-19T11:53:20 IST" skipped="0">
  <testcase classname="tests.JSONSchemaValidator" name="testGet" time="5.433"/>
</testsuite> <!-- tests.JSONSchemaValidator -->
