<?xml version="1.0" encoding="UTF-8"?>
<!-- Generated by org.testng.reporters.JUnitReportReporter -->
<testsuite hostname="DESKTOP-A45OV0R" failures="0" tests="3" name="tests.PutPatchDeleteExamples" time="5.157" errors="0" timestamp="2024-06-19T11:50:59 IST" skipped="0">
  <testcase classname="tests.PutPatchDeleteExamples" name="testDelete" time="4.138"/>
  <testcase classname="tests.PutPatchDeleteExamples" name="testPut" time="0.452"/>
  <testcase classname="tests.PutPatchDeleteExamples" name="testPatch" time="0.567"/>
</testsuite> <!-- tests.PutPatchDeleteExamples -->
