<?xml version="1.0" encoding="UTF-8"?>
<!-- Generated by org.testng.reporters.JUnitReportReporter -->
<testsuite hostname="DESKTOP-A45OV0R" failures="0" tests="3" name="tests.GetAndPostExamples" time="10.976" errors="0" timestamp="2024-06-20T18:48:51 IST" skipped="0">
  <testcase classname="tests.GetAndPostExamples" name="testParameters" time="5.846"/>
  <testcase classname="tests.GetAndPostExamples" name="testInValidGet" time="4.337"/>
  <testcase classname="tests.GetAndPostExamples" name="testValidGet" time="0.793"/>
</testsuite> <!-- tests.GetAndPostExamples -->
