<?xml version="1.0" encoding="UTF-8"?>
<!-- Generated by org.testng.reporters.JUnitReportReporter -->
<testsuite hostname="DESKTOP-A45OV0R" failures="0" tests="1" name="tests.TestsOnLocalAPI" time="65.847" errors="0" timestamp="2024-06-18T19:55:05 IST" skipped="0">
  <testcase classname="tests.TestsOnLocalAPI" name="LocalApiTests" time="65.847"/>
</testsuite> <!-- tests.TestsOnLocalAPI -->
