<?xml version="1.0" encoding="UTF-8"?>
<!-- Generated by org.testng.reporters.JUnitReportReporter -->
<testsuite hostname="DESKTOP-A45OV0R" failures="0" tests="2" name="tests.GetAndPostExamples" time="5.012" errors="0" timestamp="2024-06-11T15:05:33 IST" skipped="0">
  <testcase classname="tests.GetAndPostExamples" name="testGet" time="4.471"/>
  <testcase classname="tests.GetAndPostExamples" name="testPost" time="0.541"/>
</testsuite> <!-- tests.GetAndPostExamples -->
