<?xml version="1.0" encoding="UTF-8"?>
<!-- Generated by org.testng.reporters.JUnitReportReporter -->
<testsuite hostname="DESKTOP-A45OV0R" failures="0" tests="3" name="tests.PutPatchDeleteExamples" time="12.040" errors="0" timestamp="2024-06-11T15:15:59 IST" skipped="0">
  <testcase classname="tests.PutPatchDeleteExamples" name="testPatch" time="1.171"/>
  <testcase classname="tests.PutPatchDeleteExamples" name="testPut" time="0.538"/>
  <testcase classname="tests.PutPatchDeleteExamples" name="testDelete" time="10.331"/>
</testsuite> <!-- tests.PutPatchDeleteExamples -->
