<?xml version="1.0" encoding="UTF-8"?>
<!-- Generated by org.testng.reporters.JUnitReportReporter -->
<testsuite hostname="DESKTOP-A45OV0R" failures="0" tests="2" name="tests.GetAndPostExamples" time="6.948" errors="0" timestamp="2024-06-19T11:48:43 IST" skipped="0">
  <testcase classname="tests.GetAndPostExamples" name="testPost" time="0.596"/>
  <testcase classname="tests.GetAndPostExamples" name="testGet" time="6.352"/>
</testsuite> <!-- tests.GetAndPostExamples -->
